<?xml version="1.0" encoding="UTF-8"?>
<testng-results skipped="0" failed="0" total="1" passed="1">
  <reporter-output>
  </reporter-output>
  <suite name="Default suite" duration-ms="42064" started-at="2017-05-31T08:41:16Z" finished-at="2017-05-31T08:41:58Z">
    <groups>
    </groups>
    <test name="Default test" duration-ms="42064" started-at="2017-05-31T08:41:16Z" finished-at="2017-05-31T08:41:58Z">
      <class name="com.testcases.BasePageTest">
        <test-method status="PASS" signature="beforeTest()[pri:0, instance:com.testcases.BasePageTest@56ef9176]" name="beforeTest" is-config="true" duration-ms="15165" started-at="2017-05-31T16:41:16Z" finished-at="2017-05-31T16:41:31Z">
          <reporter-output>
          </reporter-output>
        </test-method> <!-- beforeTest -->
        <test-method status="PASS" signature="soutuByPic()[pri:0, instance:com.testcases.BasePageTest@56ef9176]" name="soutuByPic" duration-ms="26623" started-at="2017-05-31T16:41:31Z" finished-at="2017-05-31T16:41:58Z">
          <reporter-output>
          </reporter-output>
        </test-method> <!-- soutuByPic -->
        <test-method status="PASS" signature="afterTest()[pri:0, instance:com.testcases.BasePageTest@56ef9176]" name="afterTest" is-config="true" duration-ms="272" started-at="2017-05-31T16:41:58Z" finished-at="2017-05-31T16:41:58Z">
          <reporter-output>
          </reporter-output>
        </test-method> <!-- afterTest -->
      </class> <!-- com.testcases.BasePageTest -->
    </test> <!-- Default test -->
  </suite> <!-- Default suite -->
</testng-results>
