<?xml version="1.0" encoding="UTF-8"?>
<testng-results skipped="0" failed="0" total="1" passed="1">
  <reporter-output>
  </reporter-output>
  <suite name="Default suite" duration-ms="24224" started-at="2017-05-26T09:41:32Z" finished-at="2017-05-26T09:41:56Z">
    <groups>
    </groups>
    <test name="Default test" duration-ms="24224" started-at="2017-05-26T09:41:32Z" finished-at="2017-05-26T09:41:56Z">
      <class name="com.testcases.BasePageTest">
        <test-method status="PASS" signature="beforeTest()[pri:0, instance:com.testcases.BasePageTest@61832929]" name="beforeTest" is-config="true" duration-ms="9014" started-at="2017-05-26T17:41:32Z" finished-at="2017-05-26T17:41:41Z">
          <reporter-output>
          </reporter-output>
        </test-method> <!-- beforeTest -->
        <test-method status="PASS" signature="searchText()[pri:0, instance:com.testcases.BasePageTest@61832929]" name="searchText" duration-ms="14995" started-at="2017-05-26T17:41:41Z" finished-at="2017-05-26T17:41:56Z">
          <reporter-output>
          </reporter-output>
        </test-method> <!-- searchText -->
        <test-method status="PASS" signature="afterTest()[pri:0, instance:com.testcases.BasePageTest@61832929]" name="afterTest" is-config="true" duration-ms="202" started-at="2017-05-26T17:41:56Z" finished-at="2017-05-26T17:41:56Z">
          <reporter-output>
          </reporter-output>
        </test-method> <!-- afterTest -->
      </class> <!-- com.testcases.BasePageTest -->
    </test> <!-- Default test -->
  </suite> <!-- Default suite -->
</testng-results>
